SF:lib\common\bloc\generate_data_cubit.dart
DA:6,12
DA:8,4
DA:9,4
DA:10,4
DA:11,3
DA:12,6
DA:14,4
DA:15,8
LF:8
LH:8
end_of_record
SF:lib\common\bloc\generate_data_state.dart
DA:6,3
DA:7,3
DA:12,4
DA:13,3
DA:14,6
DA:19,3
DA:20,3
DA:21,6
LF:8
LH:8
end_of_record
SF:lib\data\auth\models\signin_req.dart
DA:5,5
DA:10,1
DA:11,1
DA:12,1
DA:13,1
LF:5
LH:5
end_of_record
SF:lib\common\helpers\mapper\chapter.dart
DA:5,1
DA:6,1
DA:7,1
DA:8,1
DA:9,1
DA:10,1
DA:11,1
DA:12,1
DA:13,1
DA:14,1
DA:15,1
LF:11
LH:11
end_of_record
SF:lib\data\chapter\models\chapter.dart
DA:12,1
DA:24,1
DA:25,1
DA:26,1
DA:27,1
DA:28,1
DA:29,1
DA:30,1
DA:31,1
DA:32,1
DA:33,1
DA:34,1
LF:12
LH:12
end_of_record
SF:lib\domain\chapter\entities\chapter.dart
DA:12,3
LF:1
LH:1
end_of_record
SF:lib\common\helpers\mapper\language.dart
DA:5,1
DA:6,1
DA:7,1
DA:8,1
DA:9,1
DA:10,1
DA:11,1
DA:12,1
DA:13,1
LF:9
LH:9
end_of_record
SF:lib\data\language\models\language.dart
DA:10,1
DA:20,1
DA:21,1
DA:22,1
DA:23,1
DA:24,1
DA:25,1
DA:26,1
DA:27,1
DA:28,1
LF:10
LH:10
end_of_record
SF:lib\domain\languages\entities\language.dart
DA:10,2
LF:1
LH:1
end_of_record
SF:lib\common\helpers\mapper\pronounce.dart
DA:5,0
DA:6,0
DA:7,0
DA:8,0
DA:9,0
DA:10,0
DA:11,0
DA:12,0
DA:13,0
DA:14,0
DA:15,0
LF:11
LH:0
end_of_record
SF:lib\data\pronounce\models\pronounce.dart
DA:12,0
DA:24,0
DA:25,0
DA:26,0
DA:27,0
DA:28,0
DA:29,0
DA:30,0
DA:31,0
DA:32,0
DA:33,0
DA:34,0
LF:12
LH:0
end_of_record
SF:lib\domain\pronounce\entities\pronounce.dart
DA:12,0
LF:1
LH:0
end_of_record
SF:lib\common\helpers\mapper\section.dart
DA:5,0
DA:6,0
DA:7,0
DA:8,0
DA:9,0
DA:10,0
DA:11,0
DA:12,0
DA:13,0
DA:14,0
LF:10
LH:0
end_of_record
SF:lib\data\section\models\section.dart
DA:11,0
DA:22,0
DA:23,0
DA:24,0
DA:25,0
DA:26,0
DA:27,0
DA:28,0
DA:29,0
DA:30,0
DA:31,0
LF:11
LH:0
end_of_record
SF:lib\domain\section\entities\section.dart
DA:11,1
LF:1
LH:1
end_of_record
SF:lib\common\helpers\mapper\shared_req.dart
DA:5,2
LF:1
LH:1
end_of_record
SF:lib\common\helpers\mapper\user.dart
DA:5,1
DA:6,1
DA:7,1
DA:8,1
DA:9,1
DA:10,1
DA:11,1
DA:12,1
DA:13,1
DA:14,1
DA:15,1
DA:16,1
LF:12
LH:12
end_of_record
SF:lib\data\auth\models\user.dart
DA:13,1
DA:26,1
DA:27,1
DA:28,1
DA:29,1
DA:30,1
DA:31,1
DA:32,1
DA:33,1
DA:34,1
DA:35,1
DA:36,1
DA:37,1
DA:38,1
DA:39,1
DA:40,1
DA:41,1
DA:42,1
DA:43,1
LF:19
LH:19
end_of_record
SF:lib\domain\auth\entities\user.dart
DA:13,2
LF:1
LH:1
end_of_record
SF:lib\common\local_data\repository\local_data_repo.dart
DA:12,0
DA:14,0
DA:18,0
DA:20,0
DA:23,0
DA:25,0
LF:6
LH:0
end_of_record
SF:lib\common\local_data\source\local_data_service.dart
DA:11,0
DA:14,0
DA:15,0
DA:18,0
DA:21,0
DA:22,0
DA:25,0
DA:28,0
DA:29,0
LF:9
LH:0
end_of_record
SF:lib\service_locators.dart
DA:34,54
DA:36,0
DA:37,0
DA:41,0
DA:42,0
DA:43,0
DA:44,0
DA:45,0
DA:46,0
DA:49,0
DA:50,0
DA:51,0
DA:52,0
DA:53,0
DA:54,0
DA:57,0
DA:58,0
DA:59,0
DA:60,0
DA:61,0
DA:62,0
DA:63,0
DA:66,0
DA:67,0
DA:68,0
DA:71,0
DA:72,0
DA:75,0
DA:78,0
DA:79,0
LF:30
LH:1
end_of_record
SF:lib\common\local_data\use_case\get_data_use_case.dart
DA:6,0
DA:8,0
LF:2
LH:0
end_of_record
SF:lib\common\local_data\use_case\remove_data_use_case.dart
DA:6,0
DA:8,0
LF:2
LH:0
end_of_record
SF:lib\common\local_data\use_case\set_data_use_case.dart
DA:7,0
DA:9,0
LF:2
LH:0
end_of_record
SF:lib\core\network\dio_client.dart
DA:8,0
DA:9,0
DA:10,0
DA:12,0
DA:19,0
DA:22,0
DA:30,0
DA:38,0
DA:44,0
DA:53,0
DA:67,0
DA:77,0
DA:93,0
DA:101,0
LF:14
LH:0
end_of_record
SF:lib\core\network\interceptors.dart
DA:12,0
DA:14,0
DA:15,0
DA:16,0
DA:17,0
DA:18,0
DA:19,0
DA:22,0
DA:24,0
DA:25,0
DA:26,0
DA:29,0
DA:31,0
DA:32,0
DA:33,0
DA:34,0
DA:35,0
LF:17
LH:0
end_of_record
SF:lib\data\auth\models\signup_req.dart
DA:9,4
DA:18,1
DA:19,1
DA:20,1
DA:21,1
DA:22,1
DA:23,1
DA:24,1
DA:25,1
LF:9
LH:9
end_of_record
SF:lib\data\auth\repository\auth_repo_impl.dart
DA:13,1
DA:15,3
DA:19,1
DA:21,3
DA:22,1
DA:23,1
DA:24,1
DA:26,1
DA:27,1
DA:32,1
DA:34,3
DA:35,1
DA:36,1
DA:37,1
DA:39,1
DA:40,3
DA:41,3
DA:42,1
DA:44,1
DA:48,3
DA:49,1
DA:51,1
DA:54,1
DA:59,1
DA:61,3
DA:62,1
DA:63,1
DA:64,1
DA:66,1
DA:67,1
LF:30
LH:30
end_of_record
SF:lib\data\auth\source\auth_service.dart
DA:17,1
DA:20,4
DA:23,1
DA:24,1
DA:25,2
DA:29,1
DA:32,3
DA:34,1
DA:36,1
DA:37,1
DA:38,2
DA:42,1
DA:45,3
DA:47,1
DA:49,2
DA:50,1
DA:51,2
DA:55,1
DA:58,3
DA:60,1
DA:62,1
DA:63,1
DA:64,2
LF:23
LH:23
end_of_record
SF:lib\data\chapter\repository\chapter_repo_impl.dart
DA:9,1
DA:11,3
DA:12,1
DA:13,1
DA:14,1
DA:16,1
DA:17,1
DA:18,4
DA:19,1
DA:20,1
DA:25,1
DA:27,3
DA:28,1
DA:29,1
DA:30,1
DA:32,1
DA:33,2
DA:34,1
LF:18
LH:18
end_of_record
SF:lib\data\chapter\sources\chapter_service.dart
DA:14,1
DA:17,3
DA:20,3
DA:21,1
DA:22,1
DA:23,1
DA:25,1
DA:29,2
DA:30,1
DA:31,4
DA:35,1
DA:38,3
DA:41,3
DA:42,1
DA:43,1
DA:44,1
DA:46,1
DA:50,2
DA:51,1
DA:52,4
LF:20
LH:20
end_of_record
SF:lib\data\language\repositories\language_repo_impl.dart
DA:9,1
DA:11,3
DA:13,1
DA:14,1
DA:15,1
DA:17,1
DA:18,1
DA:19,1
DA:20,3
DA:21,1
DA:22,1
DA:27,1
DA:29,3
DA:30,1
DA:31,1
DA:32,1
DA:34,1
DA:35,2
DA:36,1
LF:19
LH:19
end_of_record
SF:lib\data\language\sources\language_service.dart
DA:14,1
DA:17,3
DA:20,2
DA:21,1
DA:22,2
DA:26,1
DA:29,3
DA:33,3
DA:34,1
DA:35,1
DA:36,1
DA:38,1
DA:42,2
DA:43,1
DA:44,2
LF:15
LH:15
end_of_record
SF:lib\data\pronounce\repository\pronounce_repo_impl.dart
DA:9,0
DA:11,0
DA:12,0
DA:13,0
DA:14,0
DA:15,0
DA:16,0
DA:17,0
DA:18,0
DA:19,0
LF:10
LH:0
end_of_record
SF:lib\data\pronounce\sources\pronounce_service.dart
DA:13,0
DA:17,0
DA:18,0
DA:19,0
DA:20,0
DA:21,0
DA:23,0
DA:27,0
DA:28,0
DA:29,0
LF:10
LH:0
end_of_record
SF:lib\data\section\repositories\section_repo_impl.dart
DA:9,0
DA:11,0
DA:12,0
DA:13,0
DA:14,0
DA:16,0
DA:17,0
DA:18,0
DA:19,0
DA:20,0
LF:10
LH:0
end_of_record
SF:lib\data\section\sources\section_service.dart
DA:13,0
DA:16,0
DA:19,0
DA:20,0
DA:21,0
DA:23,0
DA:26,0
DA:27,0
DA:28,0
LF:9
LH:0
end_of_record
SF:lib\domain\auth\use_case\check_user_use_case.dart
DA:6,1
DA:8,3
LF:2
LH:2
end_of_record
SF:lib\domain\auth\use_case\forgot_pw.dart
DA:8,1
DA:10,3
LF:2
LH:2
end_of_record
SF:lib\domain\auth\use_case\signin_use_case.dart
DA:8,1
DA:10,3
LF:2
LH:2
end_of_record
SF:lib\domain\auth\use_case\signup_use_case.dart
DA:8,1
DA:10,3
LF:2
LH:2
end_of_record
SF:lib\domain\chapter\use_case\get_all_chapter.dart
DA:7,1
DA:9,3
LF:2
LH:2
end_of_record
SF:lib\domain\chapter\use_case\get_chapter_by_id.dart
DA:7,1
DA:9,3
LF:2
LH:2
end_of_record
SF:lib\domain\languages\usecase\get_all_language.dart
DA:7,1
DA:9,3
LF:2
LH:2
end_of_record
SF:lib\domain\languages\usecase\get_language.dart
DA:7,1
DA:9,3
LF:2
LH:2
end_of_record
SF:lib\domain\pronounce\use_case\get_all_use_case.dart
DA:7,0
DA:9,0
LF:2
LH:0
end_of_record
SF:lib\domain\section\use_case\get_all_use_case.dart
DA:7,0
DA:9,0
LF:2
LH:0
end_of_record
SF:lib\presentation\home\pages\home_page.dart
DA:7,1
DA:13,1
DA:15,1
DA:16,1
DA:18,1
DA:19,1
DA:20,1
LF:7
LH:7
end_of_record
SF:lib\presentation\home\widgets\chapters.dart
DA:20,2
DA:26,2
DA:27,2
DA:29,2
DA:30,0
DA:33,2
DA:34,2
DA:35,6
DA:36,2
DA:38,1
DA:39,1
DA:41,1
DA:42,1
DA:43,1
DA:44,1
DA:48,2
DA:50,2
DA:57,2
DA:58,2
DA:59,2
DA:61,2
DA:62,2
DA:63,2
DA:64,2
DA:71,2
DA:72,2
DA:77,2
DA:79,2
DA:81,2
DA:82,2
DA:83,2
DA:93,2
DA:95,2
DA:96,2
DA:97,2
DA:99,2
DA:101,2
DA:108,6
DA:121,0
DA:122,0
DA:124,0
DA:125,0
DA:126,0
DA:127,0
DA:129,0
DA:131,0
DA:137,0
DA:139,0
DA:141,0
DA:147,0
DA:149,0
DA:151,0
DA:163,2
DA:164,2
DA:167,2
DA:171,2
DA:173,4
DA:174,2
DA:175,4
DA:176,6
DA:177,2
DA:178,2
DA:179,2
DA:180,2
DA:184,2
DA:185,2
DA:186,2
LF:67
LH:52
end_of_record
SF:lib\common\widget\button\base_button.dart
DA:10,2
DA:19,2
DA:21,4
DA:22,2
DA:24,2
DA:25,2
DA:26,2
DA:28,2
DA:29,2
DA:30,2
DA:31,2
DA:32,4
DA:33,1
DA:34,1
DA:35,2
DA:37,1
DA:44,2
LF:17
LH:17
end_of_record
SF:lib\presentation\auth\forgot_password\forgot_password.dart
DA:13,4
DA:15,1
DA:16,1
DA:24,1
DA:26,1
DA:27,2
DA:30,1
DA:36,1
DA:37,1
DA:39,1
DA:40,1
DA:42,1
DA:52,1
DA:53,1
DA:54,1
DA:57,1
DA:58,1
DA:60,1
DA:63,1
DA:64,0
DA:65,0
DA:66,0
DA:85,1
DA:86,1
DA:87,0
DA:88,0
DA:89,0
DA:90,0
DA:93,0
DA:94,0
DA:95,0
DA:96,0
DA:99,0
DA:100,0
DA:101,0
DA:110,1
DA:111,1
DA:112,1
DA:114,1
DA:118,1
DA:124,1
DA:126,2
DA:127,1
DA:129,1
DA:130,1
DA:131,1
DA:132,1
DA:134,1
DA:135,1
DA:136,1
DA:143,2
DA:147,1
DA:152,1
LF:53
LH:39
end_of_record
SF:lib\common\helpers\navigation\app_route.dart
DA:5,0
DA:6,0
DA:8,0
DA:15,2
DA:16,2
DA:18,2
DA:25,0
DA:26,0
DA:28,0
DA:35,0
DA:36,0
DA:38,0
DA:45,0
DA:46,0
DA:48,0
DA:52,0
DA:56,1
DA:57,1
DA:59,1
DA:63,1
DA:67,2
DA:68,2
LF:22
LH:9
end_of_record
SF:lib\common\widget\app_bar\appbar_base.dart
DA:12,13
DA:22,3
DA:24,3
DA:28,3
DA:30,3
DA:31,8
DA:32,6
DA:34,3
DA:36,2
DA:37,2
DA:39,3
DA:40,3
DA:48,3
DA:49,6
LF:14
LH:14
end_of_record
SF:lib\presentation\auth\register\pages\signup_success_page.dart
DA:13,6
DA:18,0
DA:19,0
DA:25,0
DA:27,0
DA:30,0
DA:31,0
DA:33,0
DA:34,0
DA:35,0
DA:54,0
DA:55,0
DA:56,0
DA:57,0
DA:59,0
DA:63,0
DA:64,0
DA:68,0
DA:70,0
DA:71,0
DA:73,0
DA:74,0
DA:75,0
DA:77,0
DA:78,0
DA:80,0
LF:26
LH:1
end_of_record
SF:lib\common\widget\tool_tip\app_tooltip.dart
DA:10,2
DA:19,2
DA:21,2
DA:22,2
DA:23,2
DA:24,1
DA:26,1
DA:27,1
DA:31,1
DA:32,1
DA:34,2
DA:35,2
DA:36,2
DA:37,2
DA:38,2
DA:39,2
DA:50,2
DA:56,2
DA:58,2
DA:60,2
DA:62,2
DA:63,2
DA:64,2
DA:65,2
DA:68,2
DA:69,2
DA:84,2
DA:89,2
DA:91,4
DA:93,0
DA:94,0
DA:96,2
DA:103,8
DA:104,2
DA:105,1
DA:106,1
DA:109,2
DA:112,0
DA:116,1
DA:118,1
DA:119,5
DA:120,4
DA:121,1
DA:122,4
DA:123,1
DA:125,4
DA:126,1
DA:127,4
DA:128,1
DA:130,5
DA:131,1
DA:132,5
DA:133,1
DA:135,7
DA:136,4
DA:137,7
DA:138,5
DA:139,1
DA:140,5
DA:141,1
DA:143,1
DA:146,1
DA:148,1
DA:149,4
DA:150,4
DA:151,1
DA:152,4
DA:153,1
DA:155,5
DA:156,1
DA:157,5
DA:158,1
DA:160,7
DA:161,4
DA:162,7
DA:163,5
DA:164,1
DA:165,5
DA:166,1
DA:168,4
DA:169,1
DA:170,4
DA:171,1
DA:173,1
LF:84
LH:81
end_of_record
SF:lib\presentation\auth\signin_page.dart
DA:20,9
DA:25,1
DA:26,1
DA:37,1
DA:39,1
DA:40,2
DA:41,2
DA:44,1
DA:45,1
DA:46,3
DA:60,1
DA:61,1
DA:63,1
DA:65,1
DA:66,1
DA:67,1
DA:70,1
DA:71,1
DA:72,2
DA:73,1
DA:75,1
DA:77,2
DA:83,1
DA:85,1
DA:88,2
DA:89,1
DA:90,1
DA:91,2
DA:93,3
DA:97,1
DA:98,2
DA:99,3
DA:103,1
DA:112,1
DA:114,1
DA:115,0
DA:116,0
DA:117,0
DA:120,1
DA:121,2
DA:130,1
DA:131,1
DA:132,1
DA:133,1
DA:135,1
DA:145,0
DA:152,1
DA:153,2
DA:154,1
DA:156,1
DA:157,2
DA:158,1
DA:160,3
DA:161,1
DA:162,2
DA:163,2
DA:166,1
DA:167,1
DA:168,1
DA:169,2
DA:170,1
DA:173,1
DA:175,1
DA:176,1
DA:177,1
DA:179,1
DA:180,1
DA:186,1
DA:189,1
DA:191,1
DA:202,1
DA:203,1
DA:204,1
DA:205,1
DA:206,1
DA:221,1
DA:222,1
DA:223,1
DA:224,1
DA:225,1
DA:227,1
DA:244,1
DA:245,1
DA:247,1
DA:255,1
DA:256,1
DA:257,0
DA:259,1
DA:261,1
DA:263,1
DA:264,1
DA:275,1
DA:276,1
DA:278,1
DA:286,1
DA:287,1
DA:288,1
DA:289,1
DA:290,1
DA:291,1
DA:298,1
DA:299,1
DA:300,1
DA:308,1
DA:319,1
DA:320,3
DA:326,1
DA:328,2
DA:329,1
DA:330,1
DA:331,1
DA:333,1
DA:334,1
DA:335,1
DA:337,1
DA:338,1
DA:339,3
DA:340,1
DA:342,3
DA:347,1
DA:351,1
DA:355,1
DA:359,1
DA:361,4
DA:362,3
DA:365,4
DA:366,3
LF:127
LH:122
end_of_record
SF:lib\presentation\main\pages\main_page.dart
DA:23,1
DA:30,0
DA:31,0
DA:38,0
DA:40,0
DA:41,0
DA:44,0
DA:45,0
DA:48,0
DA:49,0
DA:50,0
DA:51,0
DA:55,0
DA:57,0
DA:58,0
DA:63,0
DA:65,0
DA:67,0
DA:79,0
DA:80,0
DA:81,0
DA:82,0
DA:90,0
DA:92,0
DA:102,0
DA:103,0
DA:105,0
DA:107,0
DA:108,0
DA:109,0
DA:111,0
DA:115,0
DA:118,0
DA:119,0
DA:121,0
DA:122,0
DA:123,0
DA:124,0
DA:125,0
DA:126,0
DA:134,0
DA:135,0
DA:136,0
DA:137,0
DA:138,0
DA:140,0
DA:142,0
DA:145,0
DA:146,0
DA:147,0
DA:148,0
DA:149,0
DA:151,0
DA:155,0
DA:164,0
DA:165,0
DA:166,0
DA:168,0
DA:169,0
DA:171,0
DA:173,0
DA:174,0
DA:183,0
DA:185,0
DA:186,0
DA:187,0
DA:188,0
DA:189,0
DA:190,0
DA:191,0
DA:192,0
DA:195,0
DA:196,0
DA:197,0
DA:198,0
DA:199,0
DA:201,0
DA:202,0
DA:205,0
LF:79
LH:1
end_of_record
SF:lib\common\widget\loading\loading.dart
DA:6,18
DA:8,2
DA:10,2
LF:3
LH:3
end_of_record
SF:lib\presentation\practice\pages\practice_page.dart
DA:4,4
DA:6,0
LF:2
LH:1
end_of_record
SF:lib\presentation\profile\pages\profile_page.dart
DA:4,4
DA:6,0
LF:2
LH:1
end_of_record
SF:lib\presentation\pronounce\pages\pronounce_page.dart
DA:16,0
DA:21,0
DA:22,0
DA:26,0
DA:27,0
DA:29,0
DA:30,0
DA:32,0
DA:33,0
DA:34,0
DA:35,0
DA:36,0
DA:40,0
DA:49,0
DA:53,0
DA:55,0
DA:57,0
DA:58,0
DA:68,0
DA:69,0
DA:72,0
DA:80,0
DA:82,0
DA:83,0
DA:84,0
DA:85,0
DA:86,0
DA:87,0
DA:89,0
DA:90,0
DA:91,0
DA:94,0
DA:95,0
DA:96,0
LF:34
LH:0
end_of_record
SF:lib\presentation\rank\pages\rank_page.dart
DA:4,4
DA:6,0
LF:2
LH:1
end_of_record
SF:lib\common\widget\failed_page\failed_page.dart
DA:9,14
DA:11,1
DA:13,2
DA:14,1
DA:16,1
DA:17,1
DA:19,1
DA:24,3
DA:25,3
LF:9
LH:9
end_of_record
SF:lib\presentation\pronounce\widgets\pronounce_item.dart
DA:8,0
DA:13,0
DA:14,0
DA:17,0
DA:18,0
DA:20,0
DA:27,0
DA:29,0
DA:36,0
DA:38,0
DA:39,0
DA:49,0
DA:50,0
DA:53,0
DA:61,0
DA:62,0
DA:63,0
DA:64,0
DA:65,0
DA:66,0
DA:73,0
DA:77,0
DA:82,0
DA:83,0
DA:84,0
DA:92,0
DA:93,0
DA:94,0
DA:98,0
DA:99,0
DA:120,0
DA:124,0
DA:126,0
DA:127,0
DA:128,0
DA:129,0
DA:131,0
DA:132,0
DA:133,0
DA:137,0
DA:138,0
DA:139,0
DA:144,0
DA:145,0
DA:146,0
LF:45
LH:0
end_of_record
SF:lib\common\widget\item_view\item_view.dart
DA:10,3
DA:19,3
DA:20,3
DA:24,3
DA:26,6
DA:27,3
DA:28,3
DA:29,3
DA:30,3
DA:31,9
DA:32,0
DA:33,6
DA:34,0
DA:36,3
DA:37,3
DA:39,9
DA:40,3
DA:41,0
DA:43,3
DA:45,9
DA:46,3
DA:47,0
DA:49,3
DA:51,9
DA:52,3
DA:53,0
DA:55,3
DA:57,9
DA:58,3
DA:59,0
DA:62,10
DA:63,4
DA:64,1
DA:65,2
DA:66,2
DA:67,2
LF:36
LH:30
end_of_record
SF:lib\core\config\theme\border_color.dart
DA:3,1
DA:4,1
DA:5,1
DA:6,4
DA:7,1
LF:5
LH:5
end_of_record
SF:lib\presentation\lesson\pages\lesson_pages.dart
DA:20,1
DA:27,1
DA:28,1
DA:37,1
DA:39,1
DA:40,3
DA:43,1
DA:45,2
DA:46,1
DA:49,0
DA:51,0
DA:52,0
DA:53,0
DA:54,0
DA:55,0
DA:56,0
DA:61,1
DA:62,1
DA:64,1
DA:65,3
DA:75,1
DA:76,1
DA:77,1
DA:78,1
DA:79,1
DA:80,1
DA:81,1
DA:82,2
DA:83,1
DA:84,1
DA:86,1
DA:87,2
DA:89,2
DA:90,1
DA:94,1
DA:95,2
DA:96,2
DA:103,1
DA:105,1
DA:106,2
DA:107,3
DA:108,2
DA:109,1
DA:110,1
DA:111,1
DA:113,1
DA:114,1
DA:115,1
LF:48
LH:41
end_of_record
SF:lib\presentation\lesson\widgets\chapter_bar.dart
DA:11,1
DA:17,1
DA:18,1
DA:19,1
DA:21,1
DA:24,1
DA:25,1
DA:26,5
DA:33,1
DA:34,2
DA:47,1
DA:48,1
DA:50,1
DA:51,1
DA:52,1
DA:53,1
DA:58,1
DA:62,1
DA:64,4
DA:65,1
DA:69,1
DA:71,1
DA:72,1
DA:73,1
DA:74,1
DA:79,1
DA:80,1
DA:82,1
DA:83,1
DA:84,1
LF:30
LH:30
end_of_record
SF:lib\presentation\lesson\widgets\road_map_chapter.dart
DA:10,1
DA:15,1
DA:17,4
DA:18,2
DA:19,1
DA:20,1
DA:21,1
DA:22,1
DA:23,1
DA:24,1
DA:33,1
DA:34,2
DA:54,1
DA:55,3
DA:56,2
DA:57,1
DA:58,1
DA:59,1
DA:60,1
DA:62,1
DA:63,1
DA:64,1
DA:65,1
DA:67,1
DA:71,1
DA:72,0
DA:73,1
DA:82,1
DA:90,1
DA:92,2
DA:93,1
DA:94,2
DA:103,1
DA:104,1
DA:106,1
DA:108,1
DA:109,0
DA:110,1
DA:117,1
DA:118,1
DA:120,1
DA:122,1
DA:123,0
DA:124,1
LF:44
LH:41
end_of_record
SF:lib\presentation\collect_info\pages\page_four.dart
DA:14,2
DA:19,0
DA:20,0
DA:43,0
DA:44,0
DA:47,0
DA:48,0
DA:49,0
DA:51,0
DA:55,0
DA:56,0
DA:58,0
DA:59,0
DA:60,0
DA:73,0
DA:74,0
DA:75,0
DA:76,0
DA:78,0
DA:79,0
DA:80,0
DA:82,0
DA:84,0
DA:90,0
DA:91,0
DA:92,0
DA:93,0
DA:96,0
DA:97,0
DA:98,0
DA:99,0
DA:100,0
DA:101,0
DA:102,0
DA:105,0
DA:106,0
DA:107,0
DA:115,0
DA:126,0
DA:127,0
DA:128,0
DA:129,0
DA:130,0
DA:131,0
DA:139,0
DA:140,0
DA:141,0
DA:142,0
DA:143,0
DA:146,0
DA:154,0
DA:156,0
DA:157,0
DA:158,0
DA:159,0
DA:160,0
DA:162,0
LF:57
LH:1
end_of_record
SF:lib\presentation\collect_info\pages\page_three.dart
DA:25,3
DA:27,1
DA:28,1
DA:34,1
DA:35,1
DA:38,1
DA:39,1
DA:40,1
DA:42,1
DA:46,1
DA:47,2
DA:49,1
DA:51,1
DA:64,1
DA:65,1
DA:66,1
DA:67,3
DA:68,2
DA:70,3
DA:71,1
DA:72,0
DA:73,0
DA:79,1
DA:80,1
DA:81,1
DA:82,1
DA:83,1
DA:85,1
DA:94,1
DA:95,1
DA:109,1
DA:110,1
DA:112,1
DA:113,1
DA:117,1
DA:118,1
DA:128,1
DA:130,2
DA:131,1
DA:132,2
DA:133,3
DA:134,1
DA:135,1
DA:136,1
DA:145,1
DA:146,3
DA:147,1
DA:148,1
DA:149,1
DA:150,1
DA:151,1
DA:153,1
DA:154,1
DA:155,1
DA:157,1
DA:161,3
DA:167,2
DA:171,1
DA:172,1
DA:174,2
DA:175,0
DA:178,1
DA:179,2
DA:180,1
DA:181,0
DA:182,0
DA:183,0
DA:187,3
DA:195,1
DA:197,1
DA:202,1
DA:203,1
DA:204,1
DA:205,1
DA:215,0
LF:75
LH:68
end_of_record
SF:lib\presentation\auth\register\pages\enter_email_page.dart
DA:13,2
DA:15,0
DA:16,0
DA:23,0
DA:25,0
DA:26,0
DA:29,0
DA:30,0
DA:32,0
DA:33,0
DA:34,0
DA:36,0
DA:40,0
DA:41,0
DA:43,0
DA:45,0
DA:58,0
DA:59,0
DA:60,0
DA:62,0
DA:63,0
DA:64,0
DA:68,0
DA:69,0
DA:72,0
DA:73,0
DA:74,0
DA:77,0
DA:91,0
DA:92,0
DA:93,0
DA:94,0
DA:96,0
DA:97,0
DA:114,0
DA:120,0
DA:126,0
DA:127,0
DA:129,0
DA:131,0
DA:132,0
DA:141,0
DA:143,0
DA:145,0
DA:157,0
DA:159,0
DA:161,0
DA:179,0
DA:180,0
DA:181,0
DA:182,0
DA:183,0
DA:184,0
DA:187,0
DA:189,0
DA:190,0
DA:196,0
DA:197,0
DA:198,0
DA:199,0
DA:206,0
DA:207,0
DA:209,0
DA:210,0
DA:212,0
DA:215,0
DA:223,0
DA:225,0
DA:227,0
DA:229,0
DA:230,0
DA:231,0
LF:72
LH:1
end_of_record
SF:lib\presentation\auth\register\pages\enter_name_page.dart
DA:11,0
DA:16,0
DA:17,0
DA:26,0
DA:28,0
DA:29,0
DA:30,0
DA:33,0
DA:34,0
DA:37,0
DA:38,0
DA:39,0
DA:41,0
DA:45,0
DA:46,0
DA:48,0
DA:50,0
DA:63,0
DA:64,0
DA:66,0
DA:68,0
DA:69,0
DA:78,0
DA:80,0
DA:82,0
DA:94,0
DA:96,0
DA:98,0
DA:116,0
DA:117,0
DA:119,0
DA:121,0
DA:122,0
DA:123,0
DA:126,0
DA:127,0
DA:128,0
DA:129,0
DA:131,0
DA:133,0
DA:139,0
DA:141,0
DA:144,0
DA:145,0
DA:146,0
DA:148,0
DA:152,0
DA:153,0
DA:154,0
DA:158,0
DA:171,0
DA:172,0
DA:173,0
DA:174,0
DA:191,0
DA:195,0
DA:196,0
DA:198,0
DA:200,0
DA:201,0
DA:202,0
DA:204,0
DA:211,0
DA:213,0
DA:214,0
DA:215,0
DA:228,0
DA:230,0
DA:231,0
DA:233,0
DA:234,0
DA:235,0
DA:236,0
DA:238,0
DA:240,0
LF:75
LH:0
end_of_record
SF:lib\presentation\auth\register\pages\enter_password.dart
DA:20,0
DA:26,0
DA:27,0
DA:37,0
DA:39,0
DA:42,0
DA:44,0
DA:45,0
DA:48,0
DA:49,0
DA:55,0
DA:56,0
DA:59,0
DA:60,0
DA:61,0
DA:63,0
DA:67,0
DA:68,0
DA:70,0
DA:72,0
DA:85,0
DA:86,0
DA:87,0
DA:89,0
DA:90,0
DA:91,0
DA:95,0
DA:96,0
DA:99,0
DA:100,0
DA:101,0
DA:102,0
DA:105,0
DA:114,0
DA:115,0
DA:116,0
DA:117,0
DA:120,0
DA:121,0
DA:131,0
DA:132,0
DA:133,0
DA:134,0
DA:136,0
DA:137,0
DA:154,0
DA:160,0
DA:161,0
DA:162,0
DA:163,0
DA:165,0
DA:166,0
DA:168,0
DA:169,0
DA:171,0
DA:172,0
DA:173,0
DA:174,0
DA:176,0
DA:177,0
DA:178,0
DA:182,0
DA:183,0
DA:184,0
DA:185,0
DA:186,0
DA:187,0
DA:196,0
DA:197,0
DA:199,0
DA:200,0
DA:201,0
DA:202,0
DA:204,0
DA:216,0
DA:217,0
DA:219,0
DA:221,0
DA:222,0
DA:231,0
DA:233,0
DA:235,0
DA:247,0
DA:249,0
DA:251,0
DA:269,0
DA:271,0
DA:272,0
DA:274,0
DA:275,0
DA:276,0
LF:91
LH:0
end_of_record
SF:lib\presentation\collect_info\pages\create_profile.dart
DA:13,2
DA:15,0
DA:22,0
DA:23,0
DA:24,0
DA:25,0
DA:27,0
DA:28,0
DA:30,0
DA:31,0
DA:32,0
DA:38,0
DA:39,0
DA:41,0
DA:43,0
DA:44,0
DA:45,0
DA:46,0
DA:53,0
DA:54,0
DA:65,0
DA:66,0
DA:67,0
DA:72,0
DA:73,0
DA:86,0
DA:88,0
DA:89,0
DA:90,0
DA:91,0
DA:92,0
LF:31
LH:1
end_of_record
SF:lib\presentation\introduce\introduce_page.dart
DA:13,3
DA:15,0
DA:16,0
DA:17,0
DA:21,0
DA:22,0
DA:23,0
DA:42,0
DA:43,0
DA:44,0
DA:64,0
DA:65,0
DA:66,0
DA:70,0
DA:89,0
DA:91,0
DA:92,0
DA:93,0
DA:94,0
DA:95,0
DA:97,0
DA:99,0
DA:100,0
DA:103,0
DA:104,0
LF:25
LH:1
end_of_record
SF:lib\presentation\collect_info\pages\page_five.dart
DA:19,2
DA:24,0
DA:25,0
DA:49,0
DA:50,0
DA:53,0
DA:54,0
DA:55,0
DA:57,0
DA:61,0
DA:62,0
DA:64,0
DA:65,0
DA:66,0
DA:79,0
DA:80,0
DA:82,0
DA:83,0
DA:84,0
DA:85,0
DA:87,0
DA:88,0
DA:89,0
DA:90,0
DA:96,0
DA:97,0
DA:98,0
DA:100,0
DA:103,0
DA:112,0
DA:113,0
DA:114,0
DA:115,0
DA:117,0
DA:118,0
DA:119,0
DA:121,0
DA:122,0
DA:129,0
DA:130,0
DA:131,0
DA:132,0
DA:135,0
DA:136,0
DA:137,0
DA:138,0
DA:139,0
DA:140,0
DA:141,0
DA:144,0
DA:145,0
DA:146,0
DA:154,0
DA:165,0
DA:167,0
DA:168,0
DA:169,0
DA:170,0
DA:171,0
LF:59
LH:1
end_of_record
SF:lib\presentation\collect_info\pages\page_six.dart
DA:13,2
DA:18,0
DA:19,0
DA:25,0
DA:26,0
DA:29,0
DA:30,0
DA:31,0
DA:33,0
DA:37,0
DA:38,0
DA:40,0
DA:41,0
DA:42,0
DA:55,0
DA:56,0
DA:57,0
DA:58,0
DA:60,0
DA:61,0
DA:62,0
DA:64,0
DA:65,0
DA:74,0
DA:75,0
DA:77,0
DA:78,0
DA:79,0
DA:80,0
DA:82,0
DA:85,0
DA:86,0
DA:91,0
DA:92,0
DA:104,0
DA:106,0
DA:107,0
DA:108,0
DA:109,0
DA:110,0
LF:40
LH:1
end_of_record
SF:lib\presentation\collect_info\pages\page_two.dart
DA:12,2
DA:14,0
DA:21,0
DA:22,0
DA:23,0
DA:24,0
DA:31,0
DA:32,0
DA:42,0
DA:44,0
DA:45,0
DA:46,0
DA:47,0
DA:49,0
DA:53,0
DA:55,0
DA:57,0
LF:17
LH:1
end_of_record
SF:lib\presentation\collect_info\pages\welcome.dart
DA:12,2
DA:14,0
DA:20,0
DA:21,0
DA:22,0
DA:23,0
DA:27,0
DA:28,0
DA:38,0
DA:40,0
DA:41,0
DA:42,0
DA:43,0
DA:45,0
DA:49,0
DA:51,0
DA:53,0
LF:17
LH:1
end_of_record
SF:lib\presentation\splash\splash_page.dart
DA:9,1
DA:11,1
DA:12,1
DA:16,1
DA:18,1
DA:19,1
DA:22,1
DA:23,1
DA:24,0
DA:25,0
DA:26,0
DA:32,1
DA:34,1
DA:35,1
DA:36,1
DA:37,1
DA:39,1
DA:41,1
DA:43,1
DA:44,1
DA:54,1
DA:55,1
LF:22
LH:19
end_of_record
SF:lib\main.dart
DA:6,0
DA:7,0
DA:8,0
DA:9,0
DA:13,2
DA:15,1
DA:17,1
DA:19,1
LF:8
LH:4
end_of_record
SF:lib\core\config\theme\app_theme.dart
DA:5,3
DA:10,1
DA:11,1
LF:3
LH:3
end_of_record
